\BOOKMARK [1][-]{section.1}{Introduction}{}% 1
\BOOKMARK [1][-]{section.2}{Background}{}% 2
\BOOKMARK [2][-]{subsection.2.1}{Recurrent learning}{section.2}% 3
\BOOKMARK [2][-]{subsection.2.2}{General value functions and }{section.2}% 4
\BOOKMARK [1][-]{section.3}{Problem Formulation}{}% 5
\BOOKMARK [2][-]{subsection.3.1}{Animal Learning Benchmarks}{section.3}% 6
\BOOKMARK [1][-]{section.4}{Divergence for truncated-backprop and Snap-1}{}% 7
\BOOKMARK [1][-]{section.5}{Proposed methods}{}% 8
\BOOKMARK [1][-]{section.6}{Empirical evaluation}{}% 9
\BOOKMARK [1][-]{section.7}{Temporally symmetric hierarchical recurrent learning using generate and test}{}% 10
\BOOKMARK [1][-]{section.8}{Conclusions}{}% 11
\BOOKMARK [1][-]{appendix.A}{Hyper-parameter Settings}{}% 12
\BOOKMARK [1][-]{appendix.B}{Implementation Details}{}% 13
\BOOKMARK [1][-]{appendix.C}{Forward-mode gradient computation of an LSTM cell }{}% 14
\BOOKMARK [2][-]{subsection.C.1}{h\(t\)Wi}{appendix.C}% 15
\BOOKMARK [2][-]{subsection.C.2}{h\(t\)ui}{appendix.C}% 16
\BOOKMARK [2][-]{subsection.C.3}{h\(t\)bi}{appendix.C}% 17
\BOOKMARK [2][-]{subsection.C.4}{h\(t\)Wfj}{appendix.C}% 18
\BOOKMARK [2][-]{subsection.C.5}{h\(t\)Woj}{appendix.C}% 19
\BOOKMARK [2][-]{subsection.C.6}{h\(t\)Wgj}{appendix.C}% 20
\BOOKMARK [2][-]{subsection.C.7}{h\(t\)uo}{appendix.C}% 21
\BOOKMARK [2][-]{subsection.C.8}{h\(t\)uf}{appendix.C}% 22
\BOOKMARK [2][-]{subsection.C.9}{h\(t\)ug}{appendix.C}% 23
\BOOKMARK [2][-]{subsection.C.10}{h\(t\)bg}{appendix.C}% 24
\BOOKMARK [2][-]{subsection.C.11}{h\(t\)bf}{appendix.C}% 25
\BOOKMARK [2][-]{subsection.C.12}{h\(t\)bo}{appendix.C}% 26
